2026-02-21 00:31:04,956 - INFO - Loaded configuration from config.json
2026-02-21 00:31:04,957 - INFO - Creating fresh client...
2026-02-21 00:31:04,958 - INFO - Getting pre-login session...
2026-02-21 00:31:04,958 - INFO - Attempting fresh login for user: bat.5916445
2026-02-21 00:31:10,292 - INFO - https://i.instagram.com/api/v1/launcher/sync/
2026-02-21 00:31:11,492 - INFO - bat.5916445 [403] POST https://i.instagram.com/api/v1/launcher/sync/ (269.0.0.18.75, OnePlus 6T Dev)
2026-02-21 00:31:11,492 - ERROR - Login attempt 1 failed: {"message":"CSRF token missing or incorrect","status":"fail"}
2026-02-21 00:31:11,492 - INFO - Session error detected, recreating client...
2026-02-21 00:31:11,492 - INFO - Waiting 30 seconds before retry...
2026-02-21 00:31:48,024 - INFO - https://i.instagram.com/api/v1/launcher/sync/
2026-02-21 00:31:48,781 - INFO - bat.5916445 [403] POST https://i.instagram.com/api/v1/launcher/sync/ (269.0.0.18.75, OnePlus 6T Dev)
2026-02-21 00:31:48,781 - ERROR - Login attempt 2 failed: {"message":"CSRF token missing or incorrect","status":"fail"}
2026-02-21 00:31:48,781 - INFO - Session error detected, recreating client...
2026-02-21 00:31:48,792 - INFO - Waiting 36 seconds before retry...
2026-02-21 00:32:32,237 - INFO - https://i.instagram.com/api/v1/launcher/sync/
2026-02-21 00:32:32,884 - INFO - bat.5916445 [403] POST https://i.instagram.com/api/v1/launcher/sync/ (269.0.0.18.75, OnePlus 6T Dev)
2026-02-21 00:32:32,884 - ERROR - Login attempt 3 failed: {"message":"CSRF token missing or incorrect","status":"fail"}
2026-02-21 00:32:32,884 - INFO - Session error detected, recreating client...
2026-02-21 00:32:32,891 - ERROR - Login failed after all attempts
2026-02-21 00:34:53,607 - INFO - Loaded configuration from config.json
2026-02-21 00:34:53,608 - INFO - Creating fresh client...
2026-02-21 00:34:53,608 - INFO - Initializing session with pre-login request...
2026-02-21 00:34:53,608 - INFO - Attempting fresh login for user: bat.5916445
2026-02-21 00:35:01,620 - INFO - https://i.instagram.com/api/v1/launcher/sync/
2026-02-21 00:35:02,330 - INFO - bat.5916445 [403] POST https://i.instagram.com/api/v1/launcher/sync/ (269.0.0.18.75, OnePlus 6T Dev)
2026-02-21 00:35:02,330 - ERROR - Login attempt 1 failed: {"message":"CSRF token missing or incorrect","status":"fail"}
2026-02-21 00:35:02,331 - INFO - CSRF error detected, getting new token...
2026-02-21 00:35:02,331 - INFO - Waiting 19 seconds before retry...
2026-02-21 00:35:26,220 - INFO - https://i.instagram.com/api/v1/launcher/sync/
2026-02-21 00:35:26,654 - INFO - bat.5916445 [403] POST https://i.instagram.com/api/v1/launcher/sync/ (269.0.0.18.75, OnePlus 6T Dev)
2026-02-21 00:35:26,655 - ERROR - Login attempt 2 failed: {"message":"CSRF token missing or incorrect","status":"fail"}
2026-02-21 00:35:26,655 - INFO - CSRF error detected, getting new token...
2026-02-21 00:35:26,656 - INFO - Waiting 35 seconds before retry...
2026-02-21 00:36:07,070 - INFO - https://i.instagram.com/api/v1/launcher/sync/
2026-02-21 00:36:07,491 - INFO - bat.5916445 [403] POST https://i.instagram.com/api/v1/launcher/sync/ (269.0.0.18.75, OnePlus 6T Dev)
2026-02-21 00:36:07,491 - ERROR - Login attempt 3 failed: {"message":"CSRF token missing or incorrect","status":"fail"}
2026-02-21 00:36:07,492 - INFO - CSRF error detected, getting new token...
2026-02-21 00:36:07,492 - ERROR - Login failed after all attempts
2026-02-21 00:37:08,086 - INFO - Loaded configuration from config.json
2026-02-21 00:37:08,087 - INFO - Creating fresh client...
2026-02-21 00:37:08,088 - INFO - Initializing session with pre-login requests...
2026-02-21 00:37:08,088 - INFO - Attempting fresh login for user: bat.5916445
2026-02-21 00:37:16,156 - INFO - https://i.instagram.com/api/v1/launcher/sync/
2026-02-21 00:37:17,053 - INFO - bat.5916445 [403] POST https://i.instagram.com/api/v1/launcher/sync/ (269.0.0.18.75, OnePlus 6T Dev)
2026-02-21 00:37:17,053 - ERROR - Login attempt 1 failed: {"message":"CSRF token missing or incorrect","status":"fail"}
2026-02-21 00:37:17,053 - INFO - CSRF error detected, getting new token...
2026-02-21 00:37:17,053 - INFO - Waiting 24 seconds before retry...
2026-02-21 00:37:47,716 - INFO - https://i.instagram.com/api/v1/launcher/sync/
2026-02-21 00:37:48,078 - INFO - bat.5916445 [403] POST https://i.instagram.com/api/v1/launcher/sync/ (269.0.0.18.75, OnePlus 6T Dev)
2026-02-21 00:37:48,078 - ERROR - Login attempt 2 failed: {"message":"CSRF token missing or incorrect","status":"fail"}
2026-02-21 00:37:48,079 - INFO - CSRF error detected, getting new token...
2026-02-21 00:37:48,079 - INFO - Waiting 26 seconds before retry...
2026-02-21 00:38:21,992 - INFO - https://i.instagram.com/api/v1/launcher/sync/
2026-02-21 00:38:22,513 - INFO - bat.5916445 [403] POST https://i.instagram.com/api/v1/launcher/sync/ (269.0.0.18.75, OnePlus 6T Dev)
2026-02-21 00:38:22,513 - ERROR - Login attempt 3 failed: {"message":"CSRF token missing or incorrect","status":"fail"}
2026-02-21 00:38:22,513 - INFO - CSRF error detected, getting new token...
2026-02-21 00:38:22,514 - ERROR - Login failed after all attempts
2026-02-21 00:38:46,850 - INFO - Loaded configuration from config.json
2026-02-21 00:38:46,850 - INFO - Creating fresh client...
2026-02-21 00:38:46,851 - INFO - Initializing session with pre-login requests...
2026-02-21 00:38:46,852 - INFO - Attempting fresh login for user: bat.5916445
2026-02-21 00:38:53,992 - INFO - https://i.instagram.com/api/v1/launcher/sync/
2026-02-21 00:38:54,656 - INFO - bat.5916445 [403] POST https://i.instagram.com/api/v1/launcher/sync/ (269.0.0.18.75, OnePlus 6T Dev)
2026-02-21 00:38:54,657 - ERROR - Login attempt 1 failed: {"message":"CSRF token missing or incorrect","status":"fail"}
2026-02-21 00:38:54,658 - INFO - CSRF error detected, getting new token...
2026-02-21 00:38:54,659 - INFO - Waiting 87 seconds before retry...
